2023-03-23 11:09:34,058 [INFO] Activator:176 - 


2023-03-23 11:09:34,075 [INFO] Activator:177 - !SESSION log4j initialized
2023-03-23 11:09:39,665 [INFO] LogOutputStream:77 - [STDOUT_REDIRECT] 
2023-03-23 11:10:02,530 [ERROR] LogOutputStream:75 - [STDERR_REDIRECT] SLF4J: Failed to load class "org.slf4j.impl.StaticLoggerBinder".
2023-03-23 11:10:02,531 [ERROR] LogOutputStream:75 - [STDERR_REDIRECT] SLF4J: Defaulting to no-operation (NOP) logger implementation
2023-03-23 11:10:02,533 [ERROR] LogOutputStream:75 - [STDERR_REDIRECT] SLF4J: See http://www.slf4j.org/codes.html#StaticLoggerBinder for further details.
2023-03-23 11:24:03,247 [ERROR] AdobePublisher:162 - Exception while opening the connection: java.net.SocketTimeoutException: Read timed out
2023-03-23 12:01:33,276 [ERROR] AdobePublisher:162 - Exception while opening the connection: java.net.SocketTimeoutException: Read timed out
2023-03-23 12:01:35,288 [ERROR] AdobePublisher:162 - Exception while opening the connection: java.net.SocketTimeoutException: Read timed out
2023-03-23 12:01:37,293 [ERROR] AdobePublisher:162 - Exception while opening the connection: java.net.SocketTimeoutException: Read timed out
2023-03-23 12:14:49,099 [ERROR] ConfigurationRetriever:142 - IOException on connection: Read timed out
2023-03-23 13:53:33,181 [ERROR] AdobePublisher:162 - Exception while opening the connection: java.net.SocketTimeoutException: Read timed out
2023-03-23 16:34:24,707 [INFO] ApplicationProperties:184 - Using Application install path: C:\soft\STM32CubeIDE_1.12.0\STM32CubeIDE\plugins\com.st.stm32cube.common.mx_6.8.0.202302231600
2023-03-23 16:34:24,730 [INFO] DbMcusXml:78 - Set database path to: C:\soft\STM32CubeIDE_1.12.0\STM32CubeIDE\plugins\com.st.stm32cube.common.mx_6.8.0.202302231600\\db\/mcu/
2023-03-23 16:34:24,731 [INFO] ApiDb:274 - Set plugin database path to: C:\soft\STM32CubeIDE_1.12.0\STM32CubeIDE\plugins\com.st.stm32cube.common.mx_6.8.0.202302231600\\db\/plugins/boardmanager/
2023-03-23 16:34:24,732 [WARN] ApiDb:259 - Overriding images path with different value:  => C:\soft\STM32CubeIDE_1.12.0\STM32CubeIDE\plugins\com.st.stm32cube.common.mx_6.8.0.202302231600\\db\/plugins/mcufinder/images/
2023-03-23 16:34:24,747 [INFO] ApiDb:250 - Set database path to: C:\Users\HuaWei\.stmcufinder\plugins\mcufinder//mcu/
2023-03-23 16:34:24,748 [INFO] DbMcusAds:125 - Set database path to: C:\Users\HuaWei\.stmcufinder\plugins\mcufinder//mcu/
2023-03-23 16:34:24,762 [INFO] CrossReferenceDbSqlite:203 - Set database path to: C:\Users\HuaWei\.stmcufinder\plugins\mcufinder//mcu/cs/
2023-03-23 16:34:24,870 [INFO] RulesReader:64 - Compatibility file has been processed (293 Rules)
2023-03-23 16:34:24,954 [INFO] DbMcusXml:78 - Set database path to: C:\soft\STM32CubeIDE_1.12.0\STM32CubeIDE\plugins\com.st.stm32cube.common.mx_6.8.0.202302231600\\db\/mcu/
2023-03-23 16:34:24,954 [INFO] ApiDb:274 - Set plugin database path to: C:\soft\STM32CubeIDE_1.12.0\STM32CubeIDE\plugins\com.st.stm32cube.common.mx_6.8.0.202302231600\\db\/plugins/boardmanager/
2023-03-23 16:34:24,955 [INFO] ApiDb:261 - Set plugin images path to: C:\soft\STM32CubeIDE_1.12.0\STM32CubeIDE\plugins\com.st.stm32cube.common.mx_6.8.0.202302231600\\db\/plugins/mcufinder/images/
2023-03-23 16:34:24,955 [WARN] DbFile:41 - Overriding database path with different value: C:\Users\HuaWei\.stmcufinder\plugins\mcufinder/ => C:\Users\HuaWei\.stmcufinder\plugins\mcufinder
2023-03-23 16:34:24,955 [INFO] ApiDb:250 - Set database path to: C:\Users\HuaWei\.stmcufinder\plugins\mcufinder//mcu/
2023-03-23 16:34:24,955 [WARN] DbFile:41 - Overriding database path with different value: C:\Users\HuaWei\.stmcufinder\plugins\mcufinder/ => C:\Users\HuaWei\.stmcufinder\plugins\mcufinder
2023-03-23 16:34:24,955 [INFO] DbMcusAds:125 - Set database path to: C:\Users\HuaWei\.stmcufinder\plugins\mcufinder//mcu/
2023-03-23 16:34:24,955 [WARN] DbFile:41 - Overriding database path with different value: C:\Users\HuaWei\.stmcufinder\plugins\mcufinder/ => C:\Users\HuaWei\.stmcufinder\plugins\mcufinder
2023-03-23 16:34:24,955 [WARN] DbFile:41 - Overriding database path with different value: C:\Users\HuaWei\.stmcufinder\plugins\mcufinder/ => C:\Users\HuaWei\.stmcufinder\plugins\mcufinder
2023-03-23 16:34:24,955 [INFO] CrossReferenceDbSqlite:203 - Set database path to: C:\Users\HuaWei\.stmcufinder\plugins\mcufinder//mcu/cs/
2023-03-23 16:34:25,035 [INFO] MainPanel:253 - HeapMemory: 297795584
2023-03-23 16:34:25,159 [INFO] DbMcusXml:78 - Set database path to: C:\soft\STM32CubeIDE_1.12.0\STM32CubeIDE\plugins\com.st.stm32cube.common.mx_6.8.0.202302231600\\db\/mcu/
2023-03-23 16:34:25,159 [INFO] ApiDb:274 - Set plugin database path to: C:\soft\STM32CubeIDE_1.12.0\STM32CubeIDE\plugins\com.st.stm32cube.common.mx_6.8.0.202302231600\\db\/plugins/boardmanager/
2023-03-23 16:34:25,159 [INFO] ApiDb:261 - Set plugin images path to: C:\soft\STM32CubeIDE_1.12.0\STM32CubeIDE\plugins\com.st.stm32cube.common.mx_6.8.0.202302231600\\db\/plugins/mcufinder/images/
2023-03-23 16:34:25,160 [WARN] DbFile:41 - Overriding database path with different value: C:\Users\HuaWei\.stmcufinder\plugins\mcufinder/ => C:\Users\HuaWei\.stmcufinder\plugins\mcufinder
2023-03-23 16:34:25,160 [INFO] ApiDb:250 - Set database path to: C:\Users\HuaWei\.stmcufinder\plugins\mcufinder//mcu/
2023-03-23 16:34:25,160 [WARN] DbFile:41 - Overriding database path with different value: C:\Users\HuaWei\.stmcufinder\plugins\mcufinder/ => C:\Users\HuaWei\.stmcufinder\plugins\mcufinder
2023-03-23 16:34:25,160 [INFO] DbMcusAds:125 - Set database path to: C:\Users\HuaWei\.stmcufinder\plugins\mcufinder//mcu/
2023-03-23 16:34:25,160 [WARN] DbFile:41 - Overriding database path with different value: C:\Users\HuaWei\.stmcufinder\plugins\mcufinder/ => C:\Users\HuaWei\.stmcufinder\plugins\mcufinder
2023-03-23 16:34:25,160 [WARN] DbFile:41 - Overriding database path with different value: C:\Users\HuaWei\.stmcufinder\plugins\mcufinder/ => C:\Users\HuaWei\.stmcufinder\plugins\mcufinder
2023-03-23 16:34:25,161 [INFO] CrossReferenceDbSqlite:203 - Set database path to: C:\Users\HuaWei\.stmcufinder\plugins\mcufinder//mcu/cs/
2023-03-23 16:34:25,180 [INFO] ApplicationProperties:184 - Using Application install path: C:\soft\STM32CubeIDE_1.12.0\STM32CubeIDE\plugins\com.st.stm32cube.common.mx_6.8.0.202302231600
2023-03-23 16:34:25,182 [INFO] PluginManage:196 - Search for loadable plugins [exclusion list=, ]
2023-03-23 16:34:25,183 [INFO] PluginManage:310 - Check plugin analytics
2023-03-23 16:34:25,347 [INFO] AnalyticsPlugin:253 - Accepted Software Licenses: 
2023-03-23 16:34:25,347 [INFO] AnalyticsPlugin:255 - Accepted CMSIS Pack Licenses: 
2023-03-23 16:34:25,347 [INFO] AnalyticsPlugin:257 - Accepted Firmware Licenses: FW.F4.1.27.0
2023-03-23 16:34:25,353 [INFO] PluginManage:359 - Loaded plugin analytics (category:tool,tabindex:-1)
2023-03-23 16:34:25,353 [INFO] PluginManage:310 - Check plugin cadmodel
2023-03-23 16:34:25,362 [INFO] CADModel:105 - Init CAD model plugin
2023-03-23 16:34:25,362 [INFO] PluginManage:359 - Loaded plugin cadmodel (category:power,tabindex:5)
2023-03-23 16:34:25,362 [INFO] PluginManage:310 - Check plugin clock
2023-03-23 16:34:25,375 [INFO] PluginManage:359 - Loaded plugin clock (category:base,tabindex:2)
2023-03-23 16:34:25,375 [INFO] PluginManage:310 - Check plugin ddr
2023-03-23 16:34:25,378 [INFO] PluginManage:359 - Loaded plugin ddr (category:tool,tabindex:6)
2023-03-23 16:34:25,378 [INFO] PluginManage:310 - Check plugin filemanager
2023-03-23 16:34:25,519 [INFO] PluginManage:359 - Loaded plugin filemanager (category:base,tabindex:10)
2023-03-23 16:34:25,519 [INFO] PluginManage:310 - Check plugin ipmanager
2023-03-23 16:34:25,527 [INFO] PluginManage:359 - Loaded plugin ipmanager (category:base,tabindex:5)
2023-03-23 16:34:25,527 [INFO] PluginManage:310 - Check plugin lpbam
2023-03-23 16:34:25,537 [INFO] PluginManage:359 - Loaded plugin lpbam (category:base,tabindex:0)
2023-03-23 16:34:25,537 [INFO] PluginManage:310 - Check plugin pinoutandconfiguration
2023-03-23 16:34:25,546 [INFO] PluginManage:359 - Loaded plugin pinoutandconfiguration (category:base,tabindex:1)
2023-03-23 16:34:25,547 [INFO] PluginManage:310 - Check plugin pinoutconfig
2023-03-23 16:34:25,645 [WARN] SupportedApi:132 - Cannot load RTOS API schema: s4s-elt-must-match.1: The content of 'definitions' must match (annotation?, (simpleType | complexType)?, (unique | key | keyref)*)). A problem was found starting at: attribute.
2023-03-23 16:34:25,796 [INFO] PluginManage:359 - Loaded plugin pinoutconfig (category:base,tabindex:0)
2023-03-23 16:34:25,796 [INFO] PluginManage:310 - Check plugin power
2023-03-23 16:34:25,808 [INFO] PluginManage:359 - Loaded plugin power (category:power,tabindex:4)
2023-03-23 16:34:25,809 [INFO] PluginManage:310 - Check plugin projectmanager
2023-03-23 16:34:25,824 [INFO] PluginManage:359 - Loaded plugin projectmanager (category:projectmanager,tabindex:3)
2023-03-23 16:34:25,825 [INFO] PluginManage:310 - Check plugin thirdparty
2023-03-23 16:34:25,941 [INFO] PluginManage:359 - Loaded plugin thirdparty (category:base,tabindex:-1)
2023-03-23 16:34:25,942 [INFO] PluginManage:310 - Check plugin tools
2023-03-23 16:34:25,941 [WARN] IntegrityCheckThread:84 - waiting for thirdparty lock release [integrity check]
2023-03-23 16:34:25,942 [INFO] IntegrityCheckThread:86 - entering critical section [integrity check]
2023-03-23 16:34:25,944 [INFO] ThirdPartyUpdaterWithRetryManager:70 - Updater plugin not ready yet. [1/15]
2023-03-23 16:34:25,945 [INFO] PluginManage:359 - Loaded plugin tools (category:base,tabindex:7)
2023-03-23 16:34:25,945 [INFO] PluginManage:310 - Check plugin tutovideos
2023-03-23 16:34:26,180 [INFO] PluginManage:359 - Loaded plugin tutovideos (category:base,tabindex:-1)
2023-03-23 16:34:26,180 [INFO] PluginManage:310 - Check plugin updater
2023-03-23 16:34:26,199 [INFO] PluginManage:359 - Loaded plugin updater (category:base,tabindex:12)
2023-03-23 16:34:26,199 [INFO] PluginManage:283 - PluginManage : Loaded plugins [15]
2023-03-23 16:34:26,510 [INFO] PinOutPanel:1499 - setPackage(No Configuration,No Configuration)
2023-03-23 16:34:26,609 [INFO] CADModel:165 - CPN selected for project level
2023-03-23 16:34:26,610 [INFO] CADModel:114 - Register for checkConnection events
2023-03-23 16:34:26,633 [INFO] IPUIPlugin:80 - create IPUIPlugin
2023-03-23 16:34:26,633 [INFO] PluginManager:220 - loadIPPluginJar : add adc
2023-03-23 16:34:26,637 [INFO] IPUIPlugin:80 - create IPUIPlugin
2023-03-23 16:34:26,638 [INFO] PluginManager:220 - loadIPPluginJar : add aes
2023-03-23 16:34:26,642 [INFO] IPUIPlugin:80 - create IPUIPlugin
2023-03-23 16:34:26,642 [INFO] PluginManager:220 - loadIPPluginJar : add can
2023-03-23 16:34:26,645 [INFO] IPUIPlugin:80 - create IPUIPlugin
2023-03-23 16:34:26,645 [INFO] PluginManager:220 - loadIPPluginJar : add comp
2023-03-23 16:34:26,649 [INFO] IPUIPlugin:80 - create IPUIPlugin
2023-03-23 16:34:26,649 [INFO] PluginManager:220 - loadIPPluginJar : add cryp
2023-03-23 16:34:26,652 [INFO] IPUIPlugin:80 - create IPUIPlugin
2023-03-23 16:34:26,653 [INFO] PluginManager:220 - loadIPPluginJar : add dfsdm
2023-03-23 16:34:26,659 [INFO] IPUIPlugin:80 - create IPUIPlugin
2023-03-23 16:34:26,660 [INFO] PluginManager:220 - loadIPPluginJar : add dma
2023-03-23 16:34:26,663 [INFO] IPUIPlugin:80 - create IPUIPlugin
2023-03-23 16:34:26,663 [INFO] PluginManager:220 - loadIPPluginJar : add dma3
2023-03-23 16:34:26,664 [INFO] IPUIPlugin:80 - create IPUIPlugin
2023-03-23 16:34:26,665 [INFO] PluginManager:220 - loadIPPluginJar : add fatfs
2023-03-23 16:34:26,669 [INFO] IPUIPlugin:80 - create IPUIPlugin
2023-03-23 16:34:26,669 [INFO] PluginManager:220 - loadIPPluginJar : add fmc
2023-03-23 16:34:26,676 [INFO] IPUIPlugin:80 - create IPUIPlugin
2023-03-23 16:34:26,676 [INFO] PluginManager:220 - loadIPPluginJar : add freertos
2023-03-23 16:34:26,678 [INFO] IPUIPlugin:80 - create IPUIPlugin
2023-03-23 16:34:26,678 [INFO] PluginManager:220 - loadIPPluginJar : add genericplugin
2023-03-23 16:34:26,680 [INFO] IPUIPlugin:80 - create IPUIPlugin
2023-03-23 16:34:26,680 [INFO] PluginManager:220 - loadIPPluginJar : add gfxmmu
2023-03-23 16:34:26,687 [INFO] IPUIPlugin:80 - create IPUIPlugin
2023-03-23 16:34:26,687 [INFO] PluginManager:220 - loadIPPluginJar : add gic
2023-03-23 16:34:26,692 [INFO] IPUIPlugin:80 - create IPUIPlugin
2023-03-23 16:34:26,692 [INFO] PluginManager:220 - loadIPPluginJar : add gpio
2023-03-23 16:34:26,696 [INFO] IPUIPlugin:80 - create IPUIPlugin
2023-03-23 16:34:26,696 [INFO] PluginManager:220 - loadIPPluginJar : add gtzc
2023-03-23 16:34:26,699 [INFO] IPUIPlugin:80 - create IPUIPlugin
2023-03-23 16:34:26,699 [INFO] PluginManager:220 - loadIPPluginJar : add hash
2023-03-23 16:34:26,703 [INFO] IPUIPlugin:80 - create IPUIPlugin
2023-03-23 16:34:26,703 [INFO] PluginManager:220 - loadIPPluginJar : add i2c
2023-03-23 16:34:26,706 [INFO] IPUIPlugin:80 - create IPUIPlugin
2023-03-23 16:34:26,706 [INFO] PluginManager:220 - loadIPPluginJar : add i2s
2023-03-23 16:34:26,709 [INFO] IPUIPlugin:80 - create IPUIPlugin
2023-03-23 16:34:26,709 [INFO] PluginManager:220 - loadIPPluginJar : add i3c
2023-03-23 16:34:26,713 [INFO] IPUIPlugin:80 - create IPUIPlugin
2023-03-23 16:34:26,713 [INFO] PluginManager:220 - loadIPPluginJar : add ipddr
2023-03-23 16:34:26,722 [INFO] IPUIPlugin:80 - create IPUIPlugin
2023-03-23 16:34:26,722 [INFO] PluginManager:220 - loadIPPluginJar : add linkedlist
2023-03-23 16:34:26,725 [INFO] IPUIPlugin:80 - create IPUIPlugin
2023-03-23 16:34:26,725 [INFO] PluginManager:220 - loadIPPluginJar : add lorawan
2023-03-23 16:34:26,727 [INFO] IPUIPlugin:80 - create IPUIPlugin
2023-03-23 16:34:26,727 [INFO] PluginManager:220 - loadIPPluginJar : add ltdc
2023-03-23 16:34:26,733 [INFO] IPUIPlugin:80 - create IPUIPlugin
2023-03-23 16:34:26,734 [INFO] PluginManager:220 - loadIPPluginJar : add mdma
2023-03-23 16:34:26,737 [INFO] IPUIPlugin:80 - create IPUIPlugin
2023-03-23 16:34:26,737 [INFO] PluginManager:220 - loadIPPluginJar : add nvic
2023-03-23 16:34:26,741 [INFO] IPUIPlugin:80 - create IPUIPlugin
2023-03-23 16:34:26,741 [INFO] PluginManager:220 - loadIPPluginJar : add opamp
2023-03-23 16:34:26,744 [INFO] IPUIPlugin:80 - create IPUIPlugin
2023-03-23 16:34:26,745 [INFO] PluginManager:220 - loadIPPluginJar : add openamp
2023-03-23 16:34:26,749 [INFO] IPUIPlugin:80 - create IPUIPlugin
2023-03-23 16:34:26,749 [INFO] PluginManager:220 - loadIPPluginJar : add pdm2pcm
2023-03-23 16:34:26,757 [INFO] IPUIPlugin:80 - create IPUIPlugin
2023-03-23 16:34:26,759 [INFO] PluginManager:220 - loadIPPluginJar : add plateformsettings
2023-03-23 16:34:26,761 [INFO] IPUIPlugin:80 - create IPUIPlugin
2023-03-23 16:34:26,761 [INFO] PluginManager:220 - loadIPPluginJar : add quadspi
2023-03-23 16:34:26,765 [INFO] IPUIPlugin:80 - create IPUIPlugin
2023-03-23 16:34:26,765 [INFO] PluginManager:220 - loadIPPluginJar : add resmgrutility
2023-03-23 16:34:26,769 [INFO] IPUIPlugin:80 - create IPUIPlugin
2023-03-23 16:34:26,769 [INFO] PluginManager:220 - loadIPPluginJar : add sai
2023-03-23 16:34:26,771 [INFO] IPUIPlugin:80 - create IPUIPlugin
2023-03-23 16:34:26,771 [INFO] PluginManager:220 - loadIPPluginJar : add spi
2023-03-23 16:34:26,777 [INFO] IPUIPlugin:80 - create IPUIPlugin
2023-03-23 16:34:26,777 [INFO] PluginManager:220 - loadIPPluginJar : add stm32_wpan
2023-03-23 16:34:26,779 [INFO] IPUIPlugin:80 - create IPUIPlugin
2023-03-23 16:34:26,780 [INFO] PluginManager:220 - loadIPPluginJar : add tim
2023-03-23 16:34:26,785 [INFO] IPUIPlugin:80 - create IPUIPlugin
2023-03-23 16:34:26,785 [INFO] PluginManager:220 - loadIPPluginJar : add touchsensing
2023-03-23 16:34:26,788 [INFO] IPUIPlugin:80 - create IPUIPlugin
2023-03-23 16:34:26,788 [INFO] PluginManager:220 - loadIPPluginJar : add tracer_emb
2023-03-23 16:34:26,790 [INFO] IPUIPlugin:80 - create IPUIPlugin
2023-03-23 16:34:26,790 [INFO] PluginManager:220 - loadIPPluginJar : add ts
2023-03-23 16:34:26,792 [INFO] IPUIPlugin:80 - create IPUIPlugin
2023-03-23 16:34:26,792 [INFO] PluginManager:220 - loadIPPluginJar : add tsc
2023-03-23 16:34:26,795 [INFO] IPUIPlugin:80 - create IPUIPlugin
2023-03-23 16:34:26,795 [INFO] PluginManager:220 - loadIPPluginJar : add ucpd
2023-03-23 16:34:26,799 [INFO] IPUIPlugin:80 - create IPUIPlugin
2023-03-23 16:34:26,799 [INFO] PluginManager:220 - loadIPPluginJar : add usart
2023-03-23 16:34:26,803 [INFO] IPUIPlugin:80 - create IPUIPlugin
2023-03-23 16:34:26,803 [INFO] PluginManager:220 - loadIPPluginJar : add usbx
2023-03-23 16:34:26,954 [INFO] CADModel:165 - CPN selected for project level
2023-03-23 16:34:26,954 [INFO] CADModel:114 - Register for checkConnection events
2023-03-23 16:34:26,955 [FATAL] Updater:308 - Updater called before beeing initialized
2023-03-23 16:34:26,955 [ERROR] CADModel:125 - Updater not yet initialized, retry later 
2023-03-23 16:34:27,120 [INFO] CADModel:165 - CPN selected for project level
2023-03-23 16:34:27,121 [INFO] CADModel:114 - Register for checkConnection events
2023-03-23 16:34:27,121 [FATAL] Updater:308 - Updater called before beeing initialized
2023-03-23 16:34:27,121 [ERROR] CADModel:125 - Updater not yet initialized, retry later 
2023-03-23 16:34:27,144 [FATAL] Updater:308 - Updater called before beeing initialized
2023-03-23 16:34:27,256 [FATAL] Updater:308 - Updater called before beeing initialized
2023-03-23 16:34:27,263 [INFO] DbMcusAds:53 - JSON generation date=Tue Mar 07 16:50:55 CST 2023 (1678179055114)
2023-03-23 16:34:27,263 [FATAL] Updater:308 - Updater called before beeing initialized
2023-03-23 16:34:27,324 [WARN] DetailPanel:346 - Failed to get advertising image, set to default
2023-03-23 16:34:27,476 [FATAL] Updater:308 - Updater called before beeing initialized
2023-03-23 16:34:27,480 [FATAL] Updater:308 - Updater called before beeing initialized
2023-03-23 16:34:27,480 [FATAL] Updater:308 - Updater called before beeing initialized
2023-03-23 16:34:27,480 [WARN] DetailPanel:346 - Failed to get advertising image, set to default
2023-03-23 16:34:27,481 [FATAL] Updater:308 - Updater called before beeing initialized
2023-03-23 16:34:27,544 [ERROR] Updater:1120 - MainUpdater not yet initialized. External WinMGr cannot be set.
2023-03-23 16:34:27,548 [INFO] Updater:1056 - Updater Version found : 6.8.0
2023-03-23 16:34:27,572 [INFO] ApplicationProperties:184 - Using Application install path: C:\soft\STM32CubeIDE_1.12.0\STM32CubeIDE\plugins\com.st.stm32cube.common.mx_6.8.0.202302231600
2023-03-23 16:34:27,906 [INFO] MainUpdater:2854 - connection check result : 10
2023-03-23 16:34:27,907 [INFO] MainUpdater:283 - Updater Check For Update Now.
2023-03-23 16:34:27,907 [INFO] MicroXplorer:498 - Change Database Version : DB.6.0.80
2023-03-23 16:34:28,059 [INFO] CheckServerUpdateThread:120 - End of CheckServer Thread
2023-03-23 16:34:28,118 [INFO] MainUpdater:2854 - connection check result : 10
2023-03-23 16:34:28,452 [INFO] ApiDb:581 - Connected to CubeFinder SQLite database (C:\Users\HuaWei\.stmcufinder\plugins\mcufinder\mcu\cube-finder-db.db)
2023-03-23 16:34:28,513 [INFO] ApiDb:668 - CubeFinder database Data Model version=2.1
2023-03-23 16:34:28,513 [INFO] ApiDb:669 - CubeFinder database Configuration version=3.0.35
2023-03-23 16:34:28,514 [INFO] ApiDb:670 - CubeFinder database generation date=2023-03-10 (1678456172)
2023-03-23 16:34:28,514 [INFO] ApiDb:671 - CubeFinder database FW Pack versions=[FP-ATR-ASTRA1_V1.1.1, STM32Cube_FW_C0_V1.0.1, STM32Cube_FW_F0_V1.11.4, STM32Cube_FW_F3_V1.11.4, STM32Cube_FW_F4_V1.27.1, STM32Cube_FW_F7_V1.17.0, STM32Cube_FW_G0_V1.6.1, STM32Cube_FW_G4_V1.5.1, STM32Cube_FW_H5_V0.5.1, STM32Cube_FW_H5_V1.0.0, STM32Cube_FW_H7_V1.11.0, STM32Cube_FW_L0_V1.12.2, STM32Cube_FW_L5_V1.5.0, STM32Cube_FW_U5_V1.2.0, STM32Cube_FW_WBA_V1.0.0, STM32Cube_FW_WBA_V1.0.0RC1, STM32Cube_FW_WBA_V1.0.0RC3, STM32Cube_FW_WB_V1.15.0RC1, STM32Cube_FW_WB_V1.16.0, STM32Cube_FW_WB_V1.16.0RC2, STM32Cube_FW_WL_V1.3.0, X-CUBE-ALGOBUILD_V1.3.0, X-CUBE-ALS_V1.0.1, X-CUBE-AZRTOS-F4_V1.1.0, X-CUBE-AZRTOS-F7_V1.1.0, X-CUBE-AZRTOS-G0_V1.1.0, X-CUBE-AZRTOS-G4_V1.0.0, X-CUBE-AZRTOS-H7_V3.0.0, X-CUBE-AZRTOS-L4_V1.0.0, X-CUBE-AZRTOS-L5_V1.1.0, X-CUBE-AZRTOS-WB_V1.1.0, X-CUBE-AZRTOS-WL_V1.0.0, X-CUBE-BLE1_V6.2.4, X-CUBE-BLE2_V3.3.0, X-CUBE-BLEMGR_V1.3.0, X-CUBE-EEPRMA1_V4.1.0, X-CUBE-GNSS1_V6.0.0, X-CUBE-MEMS1_V9.1.0, X-CUBE-MEMS1_V9.4.0, X-CUBE-MEMS1_V9.5.0, X-CUBE-NFC4_V3.0.0, X-CUBE-NFC7_V1.0.0, X-CUBE-SFXS2LP1_V4.0.0, X-CUBE-SUBG2_V5.0.0]
2023-03-23 16:34:28,632 [INFO] DbBoardsSqlite:226 - include board P-NUCLEO-WB55-NUCLEO as a kit item of type 'Nucleo-64'
2023-03-23 16:34:28,633 [INFO] DbBoardsSqlite:226 - include board P-NUCLEO-WB55-USBDONGLE as a kit item of type 'Nucleo USB Dongle'
2023-03-23 16:34:28,634 [INFO] DbBoardsSqlite:226 - include board STEVAL-IDP005V1 as a kit item of type 'Evaluation Board'
2023-03-23 16:34:28,634 [INFO] DbBoardsSqlite:226 - include board STEVAL-IDP005V2 as a kit item of type 'Evaluation Board'
2023-03-23 16:34:28,912 [INFO] ApiDb:240 - Found 297 in-development CPN: [B-G473E-ZEST1S, B-WB1M-WPAN1, B-WL5M-SUBG1, NUCLEO-C031C6, NUCLEO-H503RB, NUCLEO-H563ZI, NUCLEO-U545RE-Q, NUCLEO-U5A5ZJ-Q, NUCLEO-WBA52CG, STEVAL-PROTEUS1, STEVAL-STWINBX1, STM320518-EVAL, STM32C0116-DK, STM32C011D6Y3TR, STM32C011D6Y6TR, STM32C011F4P3, STM32C011F4P6, STM32C011F4U3, STM32C011F4U6TR, STM32C011F6P3, STM32C011F6P6, STM32C011F6U3, STM32C011F6U6TR, STM32C011J4M3, STM32C011J4M6, STM32C011J6M3, STM32C011J6M6, STM32C0316-DK, STM32C031C4T3, STM32C031C4T6, STM32C031C4U3, STM32C031C4U6, STM32C031C6T3, STM32C031C6T6, STM32C031C6U3, STM32C031C6U6, STM32C031F4P3, STM32C031F4P6, STM32C031F6P3, STM32C031F6P6, STM32C031G4U3, STM32C031G4U6, STM32C031G6U3, STM32C031G6U6, STM32C031K4T3, STM32C031K4T6, STM32C031K4U3, STM32C031K4U6, STM32C031K6T3, STM32C031K6T6, STM32C031K6U3, STM32C031K6U6, STM32G071K8TXN, STM32G071K8UXN, STM32G081GBU6N, STM32G081KBT6N, STM32G081KBUXN, STM32G0B1CCT6N, STM32G0B1KCT6, STM32G0B1NEY6TR, STM32G0B1RCT6N, STM32G0C1CCT6, STM32G0C1CCT6N, STM32G0C1CCU6N, STM32G0C1CET6N, STM32G0C1CEU6N, STM32G0C1KCT6, STM32G0C1NEY6TR, STM32G0C1RCI6N, STM32G0C1RCT6N, STM32G0C1REI6N, STM32G0C1RET6N, STM32G0C1VCI6, STM32G0C1VEI6, STM32G471CCT6, STM32G471CCU6, STM32G471CET3, STM32G471CET6, STM32G471CEU3, STM32G471CEU6, STM32G471MCT6, STM32G471MET3, STM32G471MET6, STM32G471MEY6TR, STM32G471QCT6, STM32G471QET3, STM32G471RCT6, STM32G471RET3, STM32G471RET6, STM32G471VCH6, STM32G471VCI6, STM32G471VCT6, STM32G471VEH3, STM32G471VEH6, STM32G471VEI3, STM32G471VEI6, STM32G471VET3, STM32G471VET6, STM32G474CCT6, STM32H503CBT6, STM32H503CBU6, STM32H503EBY6TR, STM32H503KBU6, STM32H503RBT6, STM32H562AGI6, STM32H562AII6, STM32H562IGK6, STM32H562IGT6, STM32H562IIK6, STM32H562IIT6, STM32H562RGT6, STM32H562RGV6, STM32H562RIT6, STM32H562RIV6, STM32H562VGT6, STM32H562VIT6, STM32H562ZGT6, STM32H562ZIT6, STM32H563AGI6, STM32H563AII3Q, STM32H563AII6, STM32H563IGK6, STM32H563IGT6, STM32H563IIK3Q, STM32H563IIK6, STM32H563IIT3Q, STM32H563IIT6, STM32H563MIY3QTR, STM32H563RGT6, STM32H563RGV6, STM32H563RIT6, STM32H563RIV6, STM32H563VGT6, STM32H563VIT3Q, STM32H563VIT6, STM32H563ZGT6, STM32H563ZIT3Q, STM32H563ZIT6, STM32H573AII3Q, STM32H573AII6, STM32H573I-DK, STM32H573IIK3Q, STM32H573IIK6, STM32H573IIT3Q, STM32H573IIT6, STM32H573MIY3QTR, STM32H573RIT6, STM32H573RIV6, STM32H573VIT3Q, STM32H573VIT6, STM32H573ZIT3Q, STM32H573ZIT6, STM32L4R5QGI6STR, STM32MP131AAE3, STM32MP131AAF3, STM32MP131AAG3, STM32MP131CAE3, STM32MP131CAF3, STM32MP131CAG3, STM32MP131DAE7, STM32MP131DAF7, STM32MP131DAG7, STM32MP131FAE7, STM32MP131FAF7, STM32MP131FAG7, STM32MP133AAE3, STM32MP133AAF3, STM32MP133AAG3, STM32MP133CAE3, STM32MP133CAF3, STM32MP133CAG3, STM32MP133DAE7, STM32MP133DAF7, STM32MP133DAG7, STM32MP133FAE7, STM32MP133FAF7, STM32MP133FAG7, STM32MP135AAE3, STM32MP135AAF3, STM32MP135AAG3, STM32MP135CAE3, STM32MP135CAF3, STM32MP135CAG3, STM32MP135DAE7, STM32MP135DAF7, STM32MP135DAG7, STM32MP135F-DK, STM32MP135FAE7, STM32MP135FAF7, STM32MP135FAF7T, STM32MP135FAF7U, STM32MP135FAG7, STM32U535CBT6, STM32U535CBT6Q, STM32U535CBU6, STM32U535CBU6Q, STM32U535CCT6, STM32U535CCT6Q, STM32U535CCU6, STM32U535CCU6Q, STM32U535CET6, STM32U535CET6Q, STM32U535CEU6, STM32U535CEU6Q, STM32U535JEY6QTR, STM32U535NCY6QTR, STM32U535NEY6QTR, STM32U535RBI6, STM32U535RBI6Q, STM32U535RBT6, STM32U535RBT6Q, STM32U535RCI6, STM32U535RCI6Q, STM32U535RCT6, STM32U535RCT6Q, STM32U535REI6, STM32U535REI6Q, STM32U535RET6, STM32U535RET6Q, STM32U535VCI6, STM32U535VCI6Q, STM32U535VCT6, STM32U535VCT6Q, STM32U535VEI6, STM32U535VEI6Q, STM32U535VET6, STM32U535VET6Q, STM32U545CET6, STM32U545CET6Q, STM32U545CEU6, STM32U545CEU6Q, STM32U545JEY6QTR, STM32U545NEY6QTR, STM32U545REI6, STM32U545REI6Q, STM32U545RET6, STM32U545RET6Q, STM32U545VEI6, STM32U545VEI6Q, STM32U545VET6, STM32U545VET6Q, STM32U595AIH6, STM32U595AIH6Q, STM32U595AJH6, STM32U595AJH6Q, STM32U595QII6, STM32U595QII6Q, STM32U595QJI6, STM32U595QJI6Q, STM32U595RIT6, STM32U595RIT6Q, STM32U595RJT6, STM32U595RJT6Q, STM32U595VIT6, STM32U595VIT6Q, STM32U595VJT6, STM32U595VJT6Q, STM32U595ZIT6, STM32U595ZIT6Q, STM32U595ZIY6QTR, STM32U595ZJT6, STM32U595ZJT6Q, STM32U595ZJY6QTR, STM32U599BJY6QTR, STM32U599NIH6Q, STM32U599NJH6Q, STM32U599VIT6Q, STM32U599VJT6, STM32U599VJT6Q, STM32U599ZIT6Q, STM32U599ZIY6QTR, STM32U599ZJT6Q, STM32U599ZJY6QTR, STM32U5A5AJH6, STM32U5A5AJH6Q, STM32U5A5QJI6, STM32U5A5QJI6Q, STM32U5A5RJT6, STM32U5A5RJT6Q, STM32U5A5VJT6, STM32U5A5VJT6Q, STM32U5A5ZJT6, STM32U5A5ZJT6Q, STM32U5A5ZJY6QTR, STM32U5A9BJY6QTR, STM32U5A9J-DK, STM32U5A9NJH6Q, STM32U5A9VJT6Q, STM32U5A9ZJT6Q, STM32U5A9ZJY6QTR, STM32WB1MMCH6, STM32WBA52CEU6, STM32WBA52CEU6T, STM32WBA52CGU6, STM32WBA52CGU6T, STM32WL5MOCH6, STM32WL5MOCH6TR]
2023-03-23 16:34:29,050 [INFO] BoardInfo:880 - No configuration file found for board P-NUCLEO-WB55
2023-03-23 16:34:29,050 [INFO] DbBoards:157 - Kit is not supported: P-NUCLEO-WB55
2023-03-23 16:34:29,055 [INFO] BoardInfo:880 - No configuration file found for board STEVAL-BFA001V1B
2023-03-23 16:34:29,055 [INFO] DbBoards:157 - Kit is not supported: STEVAL-BFA001V1B
2023-03-23 16:34:29,056 [INFO] BoardInfo:880 - No configuration file found for board STEVAL-BFA001V2B
2023-03-23 16:34:29,056 [INFO] DbBoards:157 - Kit is not supported: STEVAL-BFA001V2B
2023-03-23 16:34:29,072 [WARN] PackLoader:240 - Cannot read IP mode file for STMicroelectronics.X-CUBE-GNSS1.6.0.0
2023-03-23 16:34:29,080 [WARN] PackLoader:240 - Cannot read IP mode file for STMicroelectronics.X-CUBE-BLE1.6.2.4
2023-03-23 16:34:29,092 [WARN] PackLoader:240 - Cannot read IP mode file for STMicroelectronics.X-CUBE-DISPLAY.3.0.0
2023-03-23 16:34:29,104 [WARN] PackLoader:240 - Cannot read IP mode file for STMicroelectronics.X-CUBE-NFC7.1.0.0
2023-03-23 16:34:29,113 [WARN] PackLoader:240 - Cannot read IP mode file for STMicroelectronics.X-CUBE-EEPRMA1.4.1.0
2023-03-23 16:34:29,122 [WARN] PackLoader:240 - Cannot read IP mode file for STMicroelectronics.X-CUBE-SFXS2LP1.4.0.0
2023-03-23 16:34:29,128 [WARN] PackLoader:240 - Cannot read IP mode file for STMicroelectronics.X-CUBE-BLE2.3.3.0
2023-03-23 16:34:29,143 [WARN] PackLoader:240 - Cannot read IP mode file for STMicroelectronics.X-CUBE-TOF1.3.2.0
2023-03-23 16:34:29,158 [WARN] PackLoader:240 - Cannot read IP mode file for STMicroelectronics.X-CUBE-ISPU.1.1.0
2023-03-23 16:34:29,162 [WARN] PackLoader:240 - Cannot read IP mode file for STMicroelectronics.X-CUBE-AI.8.0.0
2023-03-23 16:34:29,167 [WARN] PackLoader:240 - Cannot read IP mode file for STMicroelectronics.X-CUBE-TOUCHGFX.4.21.1
2023-03-23 16:34:29,177 [WARN] PackLoader:240 - Cannot read IP mode file for STMicroelectronics.X-CUBE-SUBG2.5.0.0
2023-03-23 16:34:29,198 [WARN] PackLoader:240 - Cannot read IP mode file for STMicroelectronics.X-CUBE-NFC4.3.0.0
2023-03-23 16:34:29,206 [INFO] DbBoards:161 - Found 187 boards, 184 are supported
2023-03-23 16:34:29,207 [WARN] PackLoader:240 - Cannot read IP mode file for STMicroelectronics.FP-ATR-ASTRA1.1.1.1
2023-03-23 16:34:29,213 [WARN] PackLoader:240 - Cannot read IP mode file for STMicroelectronics.FP-ATR-SIGFOX1.3.2.0
2023-03-23 16:34:29,213 [INFO] ApiDb:668 - CubeFinder database Data Model version=2.1
2023-03-23 16:34:29,213 [INFO] ApiDb:669 - CubeFinder database Configuration version=3.0.35
2023-03-23 16:34:29,213 [INFO] ApiDb:670 - CubeFinder database generation date=2023-03-10 (1678456172)
2023-03-23 16:34:29,213 [INFO] ApiDb:671 - CubeFinder database FW Pack versions=[FP-ATR-ASTRA1_V1.1.1, STM32Cube_FW_C0_V1.0.1, STM32Cube_FW_F0_V1.11.4, STM32Cube_FW_F3_V1.11.4, STM32Cube_FW_F4_V1.27.1, STM32Cube_FW_F7_V1.17.0, STM32Cube_FW_G0_V1.6.1, STM32Cube_FW_G4_V1.5.1, STM32Cube_FW_H5_V0.5.1, STM32Cube_FW_H5_V1.0.0, STM32Cube_FW_H7_V1.11.0, STM32Cube_FW_L0_V1.12.2, STM32Cube_FW_L5_V1.5.0, STM32Cube_FW_U5_V1.2.0, STM32Cube_FW_WBA_V1.0.0, STM32Cube_FW_WBA_V1.0.0RC1, STM32Cube_FW_WBA_V1.0.0RC3, STM32Cube_FW_WB_V1.15.0RC1, STM32Cube_FW_WB_V1.16.0, STM32Cube_FW_WB_V1.16.0RC2, STM32Cube_FW_WL_V1.3.0, X-CUBE-ALGOBUILD_V1.3.0, X-CUBE-ALS_V1.0.1, X-CUBE-AZRTOS-F4_V1.1.0, X-CUBE-AZRTOS-F7_V1.1.0, X-CUBE-AZRTOS-G0_V1.1.0, X-CUBE-AZRTOS-G4_V1.0.0, X-CUBE-AZRTOS-H7_V3.0.0, X-CUBE-AZRTOS-L4_V1.0.0, X-CUBE-AZRTOS-L5_V1.1.0, X-CUBE-AZRTOS-WB_V1.1.0, X-CUBE-AZRTOS-WL_V1.0.0, X-CUBE-BLE1_V6.2.4, X-CUBE-BLE2_V3.3.0, X-CUBE-BLEMGR_V1.3.0, X-CUBE-EEPRMA1_V4.1.0, X-CUBE-GNSS1_V6.0.0, X-CUBE-MEMS1_V9.1.0, X-CUBE-MEMS1_V9.4.0, X-CUBE-MEMS1_V9.5.0, X-CUBE-NFC4_V3.0.0, X-CUBE-NFC7_V1.0.0, X-CUBE-SFXS2LP1_V4.0.0, X-CUBE-SUBG2_V5.0.0]
2023-03-23 16:34:29,222 [WARN] PackLoader:240 - Cannot read IP mode file for STMicroelectronics.X-CUBE-ALS.1.0.1
2023-03-23 16:34:29,286 [WARN] PackLoader:240 - Cannot read IP mode file for STMicroelectronics.X-CUBE-MEMS1.9.5.0
2023-03-23 16:34:29,453 [INFO] ThirdParty:978 - Integrity check success = true
2023-03-23 16:34:29,453 [INFO] IntegrityCheckThread:100 - exiting critical section [integrity check]
2023-03-23 16:34:29,453 [INFO] IntegrityCheckThread:103 - End integrity checks thread
2023-03-23 16:34:30,777 [INFO] ApiDb:240 - Found 297 in-development CPN: [B-G473E-ZEST1S, B-WB1M-WPAN1, B-WL5M-SUBG1, NUCLEO-C031C6, NUCLEO-H503RB, NUCLEO-H563ZI, NUCLEO-U545RE-Q, NUCLEO-U5A5ZJ-Q, NUCLEO-WBA52CG, STEVAL-PROTEUS1, STEVAL-STWINBX1, STM320518-EVAL, STM32C0116-DK, STM32C011D6Y3TR, STM32C011D6Y6TR, STM32C011F4P3, STM32C011F4P6, STM32C011F4U3, STM32C011F4U6TR, STM32C011F6P3, STM32C011F6P6, STM32C011F6U3, STM32C011F6U6TR, STM32C011J4M3, STM32C011J4M6, STM32C011J6M3, STM32C011J6M6, STM32C0316-DK, STM32C031C4T3, STM32C031C4T6, STM32C031C4U3, STM32C031C4U6, STM32C031C6T3, STM32C031C6T6, STM32C031C6U3, STM32C031C6U6, STM32C031F4P3, STM32C031F4P6, STM32C031F6P3, STM32C031F6P6, STM32C031G4U3, STM32C031G4U6, STM32C031G6U3, STM32C031G6U6, STM32C031K4T3, STM32C031K4T6, STM32C031K4U3, STM32C031K4U6, STM32C031K6T3, STM32C031K6T6, STM32C031K6U3, STM32C031K6U6, STM32G071K8TXN, STM32G071K8UXN, STM32G081GBU6N, STM32G081KBT6N, STM32G081KBUXN, STM32G0B1CCT6N, STM32G0B1KCT6, STM32G0B1NEY6TR, STM32G0B1RCT6N, STM32G0C1CCT6, STM32G0C1CCT6N, STM32G0C1CCU6N, STM32G0C1CET6N, STM32G0C1CEU6N, STM32G0C1KCT6, STM32G0C1NEY6TR, STM32G0C1RCI6N, STM32G0C1RCT6N, STM32G0C1REI6N, STM32G0C1RET6N, STM32G0C1VCI6, STM32G0C1VEI6, STM32G471CCT6, STM32G471CCU6, STM32G471CET3, STM32G471CET6, STM32G471CEU3, STM32G471CEU6, STM32G471MCT6, STM32G471MET3, STM32G471MET6, STM32G471MEY6TR, STM32G471QCT6, STM32G471QET3, STM32G471RCT6, STM32G471RET3, STM32G471RET6, STM32G471VCH6, STM32G471VCI6, STM32G471VCT6, STM32G471VEH3, STM32G471VEH6, STM32G471VEI3, STM32G471VEI6, STM32G471VET3, STM32G471VET6, STM32G474CCT6, STM32H503CBT6, STM32H503CBU6, STM32H503EBY6TR, STM32H503KBU6, STM32H503RBT6, STM32H562AGI6, STM32H562AII6, STM32H562IGK6, STM32H562IGT6, STM32H562IIK6, STM32H562IIT6, STM32H562RGT6, STM32H562RGV6, STM32H562RIT6, STM32H562RIV6, STM32H562VGT6, STM32H562VIT6, STM32H562ZGT6, STM32H562ZIT6, STM32H563AGI6, STM32H563AII3Q, STM32H563AII6, STM32H563IGK6, STM32H563IGT6, STM32H563IIK3Q, STM32H563IIK6, STM32H563IIT3Q, STM32H563IIT6, STM32H563MIY3QTR, STM32H563RGT6, STM32H563RGV6, STM32H563RIT6, STM32H563RIV6, STM32H563VGT6, STM32H563VIT3Q, STM32H563VIT6, STM32H563ZGT6, STM32H563ZIT3Q, STM32H563ZIT6, STM32H573AII3Q, STM32H573AII6, STM32H573I-DK, STM32H573IIK3Q, STM32H573IIK6, STM32H573IIT3Q, STM32H573IIT6, STM32H573MIY3QTR, STM32H573RIT6, STM32H573RIV6, STM32H573VIT3Q, STM32H573VIT6, STM32H573ZIT3Q, STM32H573ZIT6, STM32L4R5QGI6STR, STM32MP131AAE3, STM32MP131AAF3, STM32MP131AAG3, STM32MP131CAE3, STM32MP131CAF3, STM32MP131CAG3, STM32MP131DAE7, STM32MP131DAF7, STM32MP131DAG7, STM32MP131FAE7, STM32MP131FAF7, STM32MP131FAG7, STM32MP133AAE3, STM32MP133AAF3, STM32MP133AAG3, STM32MP133CAE3, STM32MP133CAF3, STM32MP133CAG3, STM32MP133DAE7, STM32MP133DAF7, STM32MP133DAG7, STM32MP133FAE7, STM32MP133FAF7, STM32MP133FAG7, STM32MP135AAE3, STM32MP135AAF3, STM32MP135AAG3, STM32MP135CAE3, STM32MP135CAF3, STM32MP135CAG3, STM32MP135DAE7, STM32MP135DAF7, STM32MP135DAG7, STM32MP135F-DK, STM32MP135FAE7, STM32MP135FAF7, STM32MP135FAF7T, STM32MP135FAF7U, STM32MP135FAG7, STM32U535CBT6, STM32U535CBT6Q, STM32U535CBU6, STM32U535CBU6Q, STM32U535CCT6, STM32U535CCT6Q, STM32U535CCU6, STM32U535CCU6Q, STM32U535CET6, STM32U535CET6Q, STM32U535CEU6, STM32U535CEU6Q, STM32U535JEY6QTR, STM32U535NCY6QTR, STM32U535NEY6QTR, STM32U535RBI6, STM32U535RBI6Q, STM32U535RBT6, STM32U535RBT6Q, STM32U535RCI6, STM32U535RCI6Q, STM32U535RCT6, STM32U535RCT6Q, STM32U535REI6, STM32U535REI6Q, STM32U535RET6, STM32U535RET6Q, STM32U535VCI6, STM32U535VCI6Q, STM32U535VCT6, STM32U535VCT6Q, STM32U535VEI6, STM32U535VEI6Q, STM32U535VET6, STM32U535VET6Q, STM32U545CET6, STM32U545CET6Q, STM32U545CEU6, STM32U545CEU6Q, STM32U545JEY6QTR, STM32U545NEY6QTR, STM32U545REI6, STM32U545REI6Q, STM32U545RET6, STM32U545RET6Q, STM32U545VEI6, STM32U545VEI6Q, STM32U545VET6, STM32U545VET6Q, STM32U595AIH6, STM32U595AIH6Q, STM32U595AJH6, STM32U595AJH6Q, STM32U595QII6, STM32U595QII6Q, STM32U595QJI6, STM32U595QJI6Q, STM32U595RIT6, STM32U595RIT6Q, STM32U595RJT6, STM32U595RJT6Q, STM32U595VIT6, STM32U595VIT6Q, STM32U595VJT6, STM32U595VJT6Q, STM32U595ZIT6, STM32U595ZIT6Q, STM32U595ZIY6QTR, STM32U595ZJT6, STM32U595ZJT6Q, STM32U595ZJY6QTR, STM32U599BJY6QTR, STM32U599NIH6Q, STM32U599NJH6Q, STM32U599VIT6Q, STM32U599VJT6, STM32U599VJT6Q, STM32U599ZIT6Q, STM32U599ZIY6QTR, STM32U599ZJT6Q, STM32U599ZJY6QTR, STM32U5A5AJH6, STM32U5A5AJH6Q, STM32U5A5QJI6, STM32U5A5QJI6Q, STM32U5A5RJT6, STM32U5A5RJT6Q, STM32U5A5VJT6, STM32U5A5VJT6Q, STM32U5A5ZJT6, STM32U5A5ZJT6Q, STM32U5A5ZJY6QTR, STM32U5A9BJY6QTR, STM32U5A9J-DK, STM32U5A9NJH6Q, STM32U5A9VJT6Q, STM32U5A9ZJT6Q, STM32U5A9ZJY6QTR, STM32WB1MMCH6, STM32WBA52CEU6, STM32WBA52CEU6T, STM32WBA52CGU6, STM32WBA52CGU6T, STM32WL5MOCH6, STM32WL5MOCH6TR]
2023-03-23 16:34:30,780 [INFO] DbMcus:216 - Found 3775 MCUs, 3775 are supported
2023-03-23 16:34:30,783 [INFO] ApiDb:423 - Load user favorites file C:\Users\HuaWei/.stm32cubeide/favorites.mcus.txt: 0 item(s)
2023-03-23 16:34:30,783 [INFO] ApiDb:427 - User favorites MCUs=[]
2023-03-23 16:34:30,783 [INFO] DbMcus:222 - Set 0 / 0 favorites MCUs
2023-03-23 16:34:30,992 [INFO] ApiDb:414 - User favorites file not found: C:\Users\HuaWei/.stm32cubeide/favorites.boards.txt
2023-03-23 16:34:30,992 [INFO] DbBoards:190 - Set 0 / 0 favorites Boards
2023-03-23 16:34:30,992 [INFO] McuFinderGlobals:66 - Set McuFinderConnectedMode to true
2023-03-23 16:34:30,999 [INFO] MultiScanPanel:200 - Auto-refresh data requested => check proxy status ongoing
2023-03-23 16:34:31,009 [INFO] FinderPluginLoader:95 - Searching for filters in installed packs
2023-03-23 16:34:32,641 [INFO] LoadUrlFilesThread:185 - End of LoadServerUrlFiles without Thread
2023-03-23 16:34:32,681 [INFO] DetailPanel:341 - Set advertising image to C:/Users/HuaWei/STM32Cube/Repository/\en.prom-stm32h5-mcu-finder.jpg
2023-03-23 16:35:38,672 [INFO] McuAction:140 - Datasheet
2023-03-23 16:35:43,324 [INFO] ServerAccessManage:473 - Download File DS9716.pdf
2023-03-23 16:35:43,326 [ERROR] ServerAccessManage:651 - User Cancel Download : DS9716.pdf.
2023-03-23 16:35:43,440 [INFO] LoadUrlFilesThread:156 - End of LoadUrlFiles Thread
2023-03-23 16:36:14,943 [INFO] McuFinderGlobals:66 - Set McuFinderConnectedMode to true
2023-03-23 16:36:15,426 [INFO] ApiDb:448 - Save user favorites file C:\Users\HuaWei/.stm32cubeide/favorites.mcus.txt: 0 item(s)
2023-03-23 16:36:15,426 [INFO] ApiDb:452 - User favorites MCUs=[]
